

Version:	3.50
CmdLine:	C:\Users\paula\Desktop\studia\Informatyka\Inne_rzeczy\projekty\UnitConverter\UnitConverter.exe --l4j-debug
JNI:		No
WOW64:		Yes
Working dir:	C:\Users\paula\Desktop\studia\Informatyka\Inne_rzeczy\projekty\UnitConverter\.
Requires JDK:	No
Requires 64-Bit: No
Java min ver:	
Java max ver:	
Substitute:	JAVA_HOME = 
Substitute:	PATH = C:\app\paula\product\21c\dbhomeXE\bin;C:\Program Files\Common Files\Oracle\Java\javapath;C:\Program Files (x86)\Common Files\Oracle\Java\java8path;C:\Program Files (x86)\Common Files\Oracle\Java\javapath;C:\Windows\system32;C:\Windows;C:\Windows\System32\Wbem;C:\Windows\System32\WindowsPowerShell\v1.0\;C:\Windows\System32\OpenSSH\;C:\Users\paula\Desktop\studia\gradle-8.0.2\bin;C:\Users\paula\Desktop\studia\Java-gradle\app\bin;C:\Program Files\Java\jdk-19\bin;C:\Program Files\Git\cmd;C:\Program Files (x86)\Microsoft SQL Server\160\Tools\Binn\;C:\Program Files\Microsoft SQL Server\160\Tools\Binn\;C:\Program Files\Microsoft SQL Server\Client SDK\ODBC\170\Tools\Binn\;C:\Program Files\Microsoft SQL Server\160\DTS\Binn\;C:\Program Files\dotnet\;C:\Program Files (x86)\Windows Kits\10\Windows Performance Toolkit\;C:\Program Files\CMake\bin;C:\Program Files\Microsoft SQL Server\150\Tools\Binn\;C:\msys64\ucrt64\bin;C:\Users\paula\Desktop\studia\rok_2\semestr_4\OiAK\projekt\modelsim_ase\win32aloem;C:\Users\paula\Desktop\Microsoft VS Code\bin;C:\Users\paula\.dotnet\tools;C:\Program Files\Java\jdk-19\bin
JRE paths:	;C:\app\paula\product\21c\dbhomeXE\bin;C:\Program Files\Common Files\Oracle\Java\javapath;C:\Program Files (x86)\Common Files\Oracle\Java\java8path;C:\Program Files (x86)\Common Files\Oracle\Java\javapath;C:\Windows\system32;C:\Windows;C:\Windows\System32\Wbem;C:\Windows\System32\WindowsPowerShell\v1.0\;C:\Windows\System32\OpenSSH\;C:\Users\paula\Desktop\studia\gradle-8.0.2\bin;C:\Users\paula\Desktop\studia\Java-gradle\app\bin;C:\Program Files\Java\jdk-19\bin;C:\Program Files\Git\cmd;C:\Program Files (x86)\Microsoft SQL Server\160\Tools\Binn\;C:\Program Files\Microsoft SQL Server\160\Tools\Binn\;C:\Program Files\Microsoft SQL Server\Client SDK\ODBC\170\Tools\Binn\;C:\Program Files\Microsoft SQL Server\160\DTS\Binn\;C:\Program Files\dotnet\;C:\Program Files (x86)\Windows Kits\10\Windows Performance Toolkit\;C:\Program Files\CMake\bin;C:\Program Files\Microsoft SQL Server\150\Tools\Binn\;C:\msys64\ucrt64\bin;C:\Users\paula\Desktop\studia\rok_2\semestr_4\OiAK\projekt\modelsim_ase\win32aloem;C:\Users\paula\Desktop\Microsoft VS Code\bin;C:\Users\paula\.dotnet\tools;C:\Program Files\Java\jdk-19\bin
Check launcher:	C:\app\paula\product\21c\dbhomeXE\bin\javaw.exe (not found)
Check launcher:	C:\Program Files\Common Files\Oracle\Java\javapath\bin\javaw.exe (not found)
Check launcher:	C:\Program Files (x86)\Common Files\Oracle\Java\java8path\bin\javaw.exe (not found)
Check launcher:	C:\Program Files (x86)\Common Files\Oracle\Java\javapath\bin\javaw.exe (not found)
Check launcher:	C:\Windows\system32\bin\javaw.exe (not found)
Check launcher:	C:\Windows\bin\javaw.exe (not found)
Check launcher:	C:\Windows\System32\Wbem\bin\javaw.exe (not found)
Check launcher:	C:\Windows\System32\WindowsPowerShell\v1.0\bin\javaw.exe (not found)
Check launcher:	C:\Windows\System32\OpenSSH\bin\javaw.exe (not found)
Check launcher:	C:\Users\paula\Desktop\studia\gradle-8.0.2\bin\javaw.exe (not found)
Check launcher:	C:\Users\paula\Desktop\studia\Java-gradle\app\bin\javaw.exe (not found)
Check launcher:	C:\Program Files\Java\jdk-19\bin\javaw.exe (OK)
Version string: 1.019.000_002 / 64-Bit (OK)
Launcher:	C:\Program Files\Java\jdk-19\bin\javaw.exe
Launcher args:	-jar "C:\Users\paula\Desktop\studia\Informatyka\Inne_rzeczy\projekty\UnitConverter\UnitConverter.exe"
Args length:	101/32768 chars
Exit code:	0
